<?xml version="1.0" encoding="UTF-8"?>
<robot generator="Robot 7.3.2 (Python 3.13.5 on win32)" generated="2025-07-23T14:13:44.213472" rpa="false" schemaversion="5">
<suite id="s1" name="Teste" source="c:\Users\Pichau\Documents\robotframework\projeto1\web\teste.robot">
<test id="s1-t1" name="Verificar Soma de Dois Números" line="14">
<kw name="Soma de dois numeros">
<kw name="Log To Console" owner="BuiltIn">
<arg>Etapa1: Somou</arg>
<doc>Logs the given message to the console.</doc>
<status status="PASS" start="2025-07-23T14:13:44.230261" elapsed="0.000340"/>
</kw>
<kw name="Evaluate" owner="BuiltIn">
<msg time="2025-07-23T14:13:44.231054" level="INFO">${resultado} = 5</msg>
<var>${resultado}</var>
<arg>${n1} + ${n2}</arg>
<doc>Evaluates the given expression in Python and returns the result.</doc>
<status status="PASS" start="2025-07-23T14:13:44.230826" elapsed="0.002241"/>
</kw>
<kw name="Log To Console" owner="BuiltIn">
<arg>Etapa2: validou o resultado da soma</arg>
<doc>Logs the given message to the console.</doc>
<status status="PASS" start="2025-07-23T14:13:44.233213" elapsed="0.000510"/>
</kw>
<kw name="Should Be Equal As Numbers" owner="BuiltIn">
<msg time="2025-07-23T14:13:44.234341" level="INFO">Argument types are:
&lt;class 'int'&gt;
&lt;class 'str'&gt;</msg>
<arg>${resultado}</arg>
<arg>5</arg>
<doc>Fails if objects are unequal after converting them to real numbers.</doc>
<status status="PASS" start="2025-07-23T14:13:44.233996" elapsed="0.000476"/>
</kw>
<arg>3</arg>
<arg>2</arg>
<status status="PASS" start="2025-07-23T14:13:44.229844" elapsed="0.004713"/>
</kw>
<status status="PASS" start="2025-07-23T14:13:44.229005" elapsed="0.006374"/>
</test>
<status status="PASS" start="2025-07-23T14:13:44.216464" elapsed="0.020211"/>
</suite>
<statistics>
<total>
<stat pass="1" fail="0" skip="0">All Tests</stat>
</total>
<tag>
</tag>
<suite>
<stat name="Teste" id="s1" pass="1" fail="0" skip="0">Teste</stat>
</suite>
</statistics>
<errors>
</errors>
</robot>
